<?xml version="1.0" encoding="UTF-8"?>
<!-- Generated by org.testng.reporters.JUnitReportReporter -->
<testsuite hostname="Nuvobook_V1" failures="0" tests="3" name="Registration.Registration_1" time="18.889" errors="0" timestamp="2024-06-19T17:43:45 IST" skipped="0">
  <testcase classname="Registration.Registration_1" name="signup" time="12.850"/>
  <system-out/>
  <testcase classname="Registration.Registration_1" name="login" time="4.301"/>
  <system-out/>
  <testcase classname="Registration.Registration_1" name="search_product" time="1.738"/>
  <system-out/>
</testsuite> <!-- Registration.Registration_1 -->
